# JRE version: OpenJDK Runtime Environment (17.0.6) (build 17.0.6+0-b2043.56-9586694)
# Java VM: OpenJDK 64-Bit Server VM (17.0.6+0-b2043.56-9586694, mixed mode, tiered, compressed oops, compressed class ptrs, g1 gc, windows-amd64)
GC Precious Log:
 CPUs: 8 total, 8 available
 Memory: 16259M
 Large Page Support: Disabled
 NUMA Support: Disabled
 Compressed Oops: Enabled (32-bit)
 Heap Region Size: 1M
 Heap Min Capacity: 8M
 Heap Initial Capacity: 256M
 Heap Max Capacity: 2G
 Pre-touch: Disabled
 Parallel Workers: 8
 Concurrent Workers: 2
 Concurrent Refinement Workers: 8
 Periodic GC: Disabled
Heap:
 garbage-first heap   total 408576K, used 337920K [0x0000000080000000, 0x0000000100000000)
  region size 1024K, 3 young (3072K), 3 survivors (3072K)
 Metaspace       used 137976K, committed 139072K, reserved 1171456K
  class space    used 18529K, committed 19072K, reserved 1048576K
GC Heap History (20 events):
Event: 21.213 GC heap after
{Heap after GC invocations=52 (full 0):
 garbage-first heap   total 347136K, used 207995K [0x0000000080000000, 0x0000000100000000)
  region size 1024K, 8 young (8192K), 8 survivors (8192K)
 Metaspace       used 119678K, committed 120640K, reserved 1155072K
  class space    used 16104K, committed 16576K, reserved 1048576K
}
Event: 21.311 GC heap before
{Heap before GC invocations=52 (full 0):
 garbage-first heap   total 347136K, used 216187K [0x0000000080000000, 0x0000000100000000)
  region size 1024K, 16 young (16384K), 8 survivors (8192K)
 Metaspace       used 119833K, committed 120768K, reserved 1155072K
  class space    used 16116K, committed 16576K, reserved 1048576K
}
Event: 21.320 GC heap after
{Heap after GC invocations=53 (full 0):
 garbage-first heap   total 347136K, used 209566K [0x0000000080000000, 0x0000000100000000)
  region size 1024K, 2 young (2048K), 2 survivors (2048K)
 Metaspace       used 119833K, committed 120768K, reserved 1155072K
  class space    used 16116K, committed 16576K, reserved 1048576K
}
Event: 22.064 GC heap before
{Heap before GC invocations=53 (full 0):
 garbage-first heap   total 347136K, used 286366K [0x0000000080000000, 0x0000000100000000)
  region size 1024K, 78 young (79872K), 2 survivors (2048K)
 Metaspace       used 121932K, committed 122944K, reserved 1163264K
  class space    used 16472K, committed 16960K, reserved 1048576K
}
Event: 22.074 GC heap after
{Heap after GC invocations=54 (full 0):
 garbage-first heap   total 347136K, used 218965K [0x0000000080000000, 0x0000000100000000)
  region size 1024K, 10 young (10240K), 10 survivors (10240K)
 Metaspace       used 121932K, committed 122944K, reserved 1163264K
  class space    used 16472K, committed 16960K, reserved 1048576K
}
Event: 23.828 GC heap before
{Heap before GC invocations=54 (full 0):
 garbage-first heap   total 347136K, used 288597K [0x0000000080000000, 0x0000000100000000)
  region size 1024K, 79 young (80896K), 10 survivors (10240K)
 Metaspace       used 125860K, committed 126912K, reserved 1163264K
  class space    used 16871K, committed 17344K, reserved 1048576K
}
Event: 23.837 GC heap after
{Heap after GC invocations=55 (full 0):
 garbage-first heap   total 347136K, used 223186K [0x0000000080000000, 0x0000000100000000)
  region size 1024K, 5 young (5120K), 5 survivors (5120K)
 Metaspace       used 125860K, committed 126912K, reserved 1163264K
  class space    used 16871K, committed 17344K, reserved 1048576K
}
Event: 24.633 GC heap before
{Heap before GC invocations=55 (full 0):
 garbage-first heap   total 347136K, used 290770K [0x0000000080000000, 0x0000000100000000)
  region size 1024K, 72 young (73728K), 5 survivors (5120K)
 Metaspace       used 130289K, committed 131328K, reserved 1163264K
  class space    used 17318K, committed 17792K, reserved 1048576K
}
Event: 24.639 GC heap after
{Heap after GC invocations=56 (full 0):
 garbage-first heap   total 347136K, used 223699K [0x0000000080000000, 0x0000000100000000)
  region size 1024K, 5 young (5120K), 5 survivors (5120K)
 Metaspace       used 130289K, committed 131328K, reserved 1163264K
  class space    used 17318K, committed 17792K, reserved 1048576K
}
Event: 25.179 GC heap before
{Heap before GC invocations=57 (full 0):
 garbage-first heap   total 408576K, used 305619K [0x0000000080000000, 0x0000000100000000)
  region size 1024K, 68 young (69632K), 5 survivors (5120K)
 Metaspace       used 132302K, committed 133376K, reserved 1171456K
  class space    used 17565K, committed 18048K, reserved 1048576K
}
Event: 25.187 GC heap after
{Heap after GC invocations=58 (full 0):
 garbage-first heap   total 408576K, used 248004K [0x0000000080000000, 0x0000000100000000)
  region size 1024K, 9 young (9216K), 9 survivors (9216K)
 Metaspace       used 132302K, committed 133376K, reserved 1171456K
  class space    used 17565K, committed 18048K, reserved 1048576K
}
Event: 25.327 GC heap before
{Heap before GC invocations=58 (full 0):
 garbage-first heap   total 408576K, used 267460K [0x0000000080000000, 0x0000000100000000)
  region size 1024K, 19 young (19456K), 9 survivors (9216K)
 Metaspace       used 134457K, committed 135552K, reserved 1171456K
  class space    used 17873K, committed 18368K, reserved 1048576K
}
Event: 25.337 GC heap after
{Heap after GC invocations=59 (full 0):
 garbage-first heap   total 408576K, used 250218K [0x0000000080000000, 0x0000000100000000)
  region size 1024K, 2 young (2048K), 2 survivors (2048K)
 Metaspace       used 134457K, committed 135552K, reserved 1171456K
  class space    used 17873K, committed 18368K, reserved 1048576K
}
Event: 25.770 GC heap before
{Heap before GC invocations=59 (full 0):
 garbage-first heap   total 408576K, used 351594K [0x0000000080000000, 0x0000000100000000)
  region size 1024K, 67 young (68608K), 2 survivors (2048K)
 Metaspace       used 134818K, committed 135872K, reserved 1171456K
  class space    used 17921K, committed 18432K, reserved 1048576K
}
Event: 25.789 GC heap after
{Heap after GC invocations=60 (full 0):
 garbage-first heap   total 408576K, used 288044K [0x0000000080000000, 0x0000000100000000)
  region size 1024K, 12 young (12288K), 12 survivors (12288K)
 Metaspace       used 134818K, committed 135872K, reserved 1171456K
  class space    used 17921K, committed 18432K, reserved 1048576K
}
Event: 26.175 GC heap before
{Heap before GC invocations=60 (full 0):
 garbage-first heap   total 408576K, used 338220K [0x0000000080000000, 0x0000000100000000)
  region size 1024K, 61 young (62464K), 12 survivors (12288K)
 Metaspace       used 137774K, committed 138880K, reserved 1171456K
  class space    used 18506K, committed 19072K, reserved 1048576K
}
Event: 26.203 GC heap after
{Heap after GC invocations=61 (full 0):
 garbage-first heap   total 408576K, used 309858K [0x0000000080000000, 0x0000000100000000)
  region size 1024K, 8 young (8192K), 8 survivors (8192K)
 Metaspace       used 137774K, committed 138880K, reserved 1171456K
  class space    used 18506K, committed 19072K, reserved 1048576K
}
Event: 26.297 GC heap before
{Heap before GC invocations=61 (full 0):
 garbage-first heap   total 408576K, used 339554K [0x0000000080000000, 0x0000000100000000)
  region size 1024K, 37 young (37888K), 8 survivors (8192K)
 Metaspace       used 137925K, committed 139072K, reserved 1171456K
  class space    used 18520K, committed 19072K, reserved 1048576K
}
Event: 26.319 GC heap after
{Heap after GC invocations=62 (full 0):
 garbage-first heap   total 408576K, used 326619K [0x0000000080000000, 0x0000000100000000)
  region size 1024K, 5 young (5120K), 5 survivors (5120K)
 Metaspace       used 137925K, committed 139072K, reserved 1171456K
  class space    used 18520K, committed 19072K, reserved 1048576K
}
Event: 26.393 GC heap before
{Heap before GC invocations=62 (full 0):
 garbage-first heap   total 408576K, used 346075K [0x0000000080000000, 0x0000000100000000)
  region size 1024K, 24 young (24576K), 5 survivors (5120K)
 Metaspace       used 137976K, committed 139072K, reserved 1171456K
  class space    used 18529K, committed 19072K, reserved 1048576K
}

