# JRE version: OpenJDK Runtime Environment (17.0.6) (build 17.0.6+0-b2043.56-9586694)
# Java VM: OpenJDK 64-Bit Server VM (17.0.6+0-b2043.56-9586694, mixed mode, tiered, compressed oops, compressed class ptrs, g1 gc, windows-amd64)
GC Precious Log:
 CPUs: 8 total, 8 available
 Memory: 16259M
 Large Page Support: Disabled
 NUMA Support: Disabled
 Compressed Oops: Enabled (32-bit)
 Heap Region Size: 1M
 Heap Min Capacity: 8M
 Heap Initial Capacity: 256M
 Heap Max Capacity: 2G
 Pre-touch: Disabled
 Parallel Workers: 8
 Concurrent Workers: 2
 Concurrent Refinement Workers: 8
 Periodic GC: Disabled
Heap:
 garbage-first heap   total 301056K, used 202340K [0x0000000080000000, 0x0000000100000000)
  region size 1024K, 81 young (82944K), 1 survivors (1024K)
 Metaspace       used 77999K, committed 78656K, reserved 1122304K
  class space    used 10257K, committed 10560K, reserved 1048576K
GC Heap History (20 events):
Event: 22.864 GC heap before
{Heap before GC invocations=61 (full 0):
 garbage-first heap   total 301056K, used 261651K [0x0000000080000000, 0x0000000100000000)
  region size 1024K, 142 young (145408K), 8 survivors (8192K)
 Metaspace       used 69533K, committed 70144K, reserved 1114112K
  class space    used 9123K, committed 9408K, reserved 1048576K
}
Event: 22.869 GC heap after
{Heap after GC invocations=62 (full 0):
 garbage-first heap   total 301056K, used 125368K [0x0000000080000000, 0x0000000100000000)
  region size 1024K, 9 young (9216K), 9 survivors (9216K)
 Metaspace       used 69533K, committed 70144K, reserved 1114112K
  class space    used 9123K, committed 9408K, reserved 1048576K
}
Event: 23.264 GC heap before
{Heap before GC invocations=62 (full 0):
 garbage-first heap   total 301056K, used 259512K [0x0000000080000000, 0x0000000100000000)
  region size 1024K, 140 young (143360K), 9 survivors (9216K)
 Metaspace       used 69534K, committed 70144K, reserved 1114112K
  class space    used 9123K, committed 9408K, reserved 1048576K
}
Event: 23.269 GC heap after
{Heap after GC invocations=63 (full 0):
 garbage-first heap   total 301056K, used 126131K [0x0000000080000000, 0x0000000100000000)
  region size 1024K, 9 young (9216K), 9 survivors (9216K)
 Metaspace       used 69534K, committed 70144K, reserved 1114112K
  class space    used 9123K, committed 9408K, reserved 1048576K
}
Event: 23.711 GC heap before
{Heap before GC invocations=64 (full 0):
 garbage-first heap   total 301056K, used 260275K [0x0000000080000000, 0x0000000100000000)
  region size 1024K, 140 young (143360K), 9 survivors (9216K)
 Metaspace       used 69534K, committed 70144K, reserved 1114112K
  class space    used 9123K, committed 9408K, reserved 1048576K
}
Event: 23.716 GC heap after
{Heap after GC invocations=65 (full 0):
 garbage-first heap   total 301056K, used 126896K [0x0000000080000000, 0x0000000100000000)
  region size 1024K, 10 young (10240K), 10 survivors (10240K)
 Metaspace       used 69534K, committed 70144K, reserved 1114112K
  class space    used 9123K, committed 9408K, reserved 1048576K
}
Event: 24.032 GC heap before
{Heap before GC invocations=65 (full 0):
 garbage-first heap   total 301056K, used 258992K [0x0000000080000000, 0x0000000100000000)
  region size 1024K, 139 young (142336K), 10 survivors (10240K)
 Metaspace       used 69534K, committed 70144K, reserved 1114112K
  class space    used 9123K, committed 9408K, reserved 1048576K
}
Event: 24.038 GC heap after
{Heap after GC invocations=66 (full 0):
 garbage-first heap   total 301056K, used 128638K [0x0000000080000000, 0x0000000100000000)
  region size 1024K, 11 young (11264K), 11 survivors (11264K)
 Metaspace       used 69534K, committed 70144K, reserved 1114112K
  class space    used 9123K, committed 9408K, reserved 1048576K
}
Event: 25.036 GC heap before
{Heap before GC invocations=67 (full 0):
 garbage-first heap   total 301056K, used 193150K [0x0000000080000000, 0x0000000100000000)
  region size 1024K, 75 young (76800K), 11 survivors (11264K)
 Metaspace       used 69628K, committed 70208K, reserved 1114112K
  class space    used 9140K, committed 9408K, reserved 1048576K
}
Event: 25.038 GC heap after
{Heap after GC invocations=68 (full 0):
 garbage-first heap   total 301056K, used 116073K [0x0000000080000000, 0x0000000100000000)
  region size 1024K, 3 young (3072K), 3 survivors (3072K)
 Metaspace       used 69628K, committed 70208K, reserved 1114112K
  class space    used 9140K, committed 9408K, reserved 1048576K
}
Event: 25.528 GC heap before
{Heap before GC invocations=69 (full 0):
 garbage-first heap   total 301056K, used 270697K [0x0000000080000000, 0x0000000100000000)
  region size 1024K, 149 young (152576K), 3 survivors (3072K)
 Metaspace       used 69655K, committed 70208K, reserved 1114112K
  class space    used 9141K, committed 9408K, reserved 1048576K
}
Event: 25.529 GC heap after
{Heap after GC invocations=70 (full 0):
 garbage-first heap   total 301056K, used 118728K [0x0000000080000000, 0x0000000100000000)
  region size 1024K, 1 young (1024K), 1 survivors (1024K)
 Metaspace       used 69655K, committed 70208K, reserved 1114112K
  class space    used 9141K, committed 9408K, reserved 1048576K
}
Event: 25.562 GC heap before
{Heap before GC invocations=70 (full 0):
 garbage-first heap   total 301056K, used 131016K [0x0000000080000000, 0x0000000100000000)
  region size 1024K, 14 young (14336K), 1 survivors (1024K)
 Metaspace       used 69655K, committed 70208K, reserved 1114112K
  class space    used 9141K, committed 9408K, reserved 1048576K
}
Event: 25.563 GC heap after
{Heap after GC invocations=71 (full 0):
 garbage-first heap   total 301056K, used 117630K [0x0000000080000000, 0x0000000100000000)
  region size 1024K, 1 young (1024K), 1 survivors (1024K)
 Metaspace       used 69655K, committed 70208K, reserved 1114112K
  class space    used 9141K, committed 9408K, reserved 1048576K
}
Event: 25.954 GC heap before
{Heap before GC invocations=71 (full 0):
 garbage-first heap   total 301056K, used 266110K [0x0000000080000000, 0x0000000100000000)
  region size 1024K, 146 young (149504K), 1 survivors (1024K)
 Metaspace       used 69655K, committed 70208K, reserved 1114112K
  class space    used 9141K, committed 9408K, reserved 1048576K
}
Event: 25.957 GC heap after
{Heap after GC invocations=72 (full 0):
 garbage-first heap   total 301056K, used 119409K [0x0000000080000000, 0x0000000100000000)
  region size 1024K, 3 young (3072K), 3 survivors (3072K)
 Metaspace       used 69655K, committed 70208K, reserved 1114112K
  class space    used 9141K, committed 9408K, reserved 1048576K
}
Event: 26.328 GC heap before
{Heap before GC invocations=72 (full 0):
 garbage-first heap   total 301056K, used 264817K [0x0000000080000000, 0x0000000100000000)
  region size 1024K, 145 young (148480K), 3 survivors (3072K)
 Metaspace       used 69657K, committed 70208K, reserved 1114112K
  class space    used 9141K, committed 9408K, reserved 1048576K
}
Event: 26.331 GC heap after
{Heap after GC invocations=73 (full 0):
 garbage-first heap   total 301056K, used 121286K [0x0000000080000000, 0x0000000100000000)
  region size 1024K, 5 young (5120K), 5 survivors (5120K)
 Metaspace       used 69657K, committed 70208K, reserved 1114112K
  class space    used 9141K, committed 9408K, reserved 1048576K
}
Event: 26.642 GC heap before
{Heap before GC invocations=73 (full 0):
 garbage-first heap   total 301056K, used 212422K [0x0000000080000000, 0x0000000100000000)
  region size 1024K, 95 young (97280K), 5 survivors (5120K)
 Metaspace       used 69661K, committed 70208K, reserved 1114112K
  class space    used 9141K, committed 9408K, reserved 1048576K
}
Event: 26.644 GC heap after
{Heap after GC invocations=74 (full 0):
 garbage-first heap   total 301056K, used 113252K [0x0000000080000000, 0x0000000100000000)
  region size 1024K, 1 young (1024K), 1 survivors (1024K)
 Metaspace       used 69661K, committed 70208K, reserved 1114112K
  class space    used 9141K, committed 9408K, reserved 1048576K
}

