# JRE version: OpenJDK Runtime Environment (17.0.6) (build 17.0.6+0-b2043.56-9586694)
# Java VM: OpenJDK 64-Bit Server VM (17.0.6+0-b2043.56-9586694, mixed mode, tiered, compressed oops, compressed class ptrs, g1 gc, windows-amd64)
GC Precious Log:
 CPUs: 8 total, 8 available
 Memory: 16259M
 Large Page Support: Disabled
 NUMA Support: Disabled
 Compressed Oops: Enabled (32-bit)
 Heap Region Size: 1M
 Heap Min Capacity: 8M
 Heap Initial Capacity: 256M
 Heap Max Capacity: 2G
 Pre-touch: Disabled
 Parallel Workers: 8
 Concurrent Workers: 2
 Concurrent Refinement Workers: 8
 Periodic GC: Disabled
Heap:
 garbage-first heap   total 234496K, used 145700K [0x0000000080000000, 0x0000000100000000)
  region size 1024K, 31 young (31744K), 3 survivors (3072K)
 Metaspace       used 69378K, committed 69952K, reserved 1114112K
  class space    used 9121K, committed 9408K, reserved 1048576K
GC Heap History (20 events):
Event: 5.199 GC heap before
{Heap before GC invocations=23 (full 0):
 garbage-first heap   total 153600K, used 113751K [0x0000000080000000, 0x0000000100000000)
  region size 1024K, 26 young (26624K), 3 survivors (3072K)
 Metaspace       used 48850K, committed 49344K, reserved 1097728K
  class space    used 6406K, committed 6656K, reserved 1048576K
}
Event: 5.203 GC heap after
{Heap after GC invocations=24 (full 0):
 garbage-first heap   total 153600K, used 91007K [0x0000000080000000, 0x0000000100000000)
  region size 1024K, 4 young (4096K), 4 survivors (4096K)
 Metaspace       used 48850K, committed 49344K, reserved 1097728K
  class space    used 6406K, committed 6656K, reserved 1048576K
}
Event: 5.248 GC heap before
{Heap before GC invocations=24 (full 0):
 garbage-first heap   total 153600K, used 94079K [0x0000000080000000, 0x0000000100000000)
  region size 1024K, 7 young (7168K), 4 survivors (4096K)
 Metaspace       used 48933K, committed 49408K, reserved 1097728K
  class space    used 6417K, committed 6656K, reserved 1048576K
}
Event: 5.252 GC heap after
{Heap after GC invocations=25 (full 0):
 garbage-first heap   total 153600K, used 91432K [0x0000000080000000, 0x0000000100000000)
  region size 1024K, 1 young (1024K), 1 survivors (1024K)
 Metaspace       used 48933K, committed 49408K, reserved 1097728K
  class space    used 6417K, committed 6656K, reserved 1048576K
}
Event: 5.423 GC heap before
{Heap before GC invocations=25 (full 0):
 garbage-first heap   total 153600K, used 101672K [0x0000000080000000, 0x0000000100000000)
  region size 1024K, 12 young (12288K), 1 survivors (1024K)
 Metaspace       used 50230K, committed 50688K, reserved 1097728K
  class space    used 6645K, committed 6848K, reserved 1048576K
}
Event: 5.425 GC heap after
{Heap after GC invocations=26 (full 0):
 garbage-first heap   total 234496K, used 91984K [0x0000000080000000, 0x0000000100000000)
  region size 1024K, 2 young (2048K), 2 survivors (2048K)
 Metaspace       used 50230K, committed 50688K, reserved 1097728K
  class space    used 6645K, committed 6848K, reserved 1048576K
}
Event: 6.683 GC heap before
{Heap before GC invocations=27 (full 0):
 garbage-first heap   total 234496K, used 169808K [0x0000000080000000, 0x0000000100000000)
  region size 1024K, 71 young (72704K), 2 survivors (2048K)
 Metaspace       used 60591K, committed 61184K, reserved 1105920K
  class space    used 8150K, committed 8448K, reserved 1048576K
}
Event: 6.692 GC heap after
{Heap after GC invocations=28 (full 0):
 garbage-first heap   total 234496K, used 104280K [0x0000000080000000, 0x0000000100000000)
  region size 1024K, 7 young (7168K), 7 survivors (7168K)
 Metaspace       used 60591K, committed 61184K, reserved 1105920K
  class space    used 8150K, committed 8448K, reserved 1048576K
}
Event: 14.420 GC heap before
{Heap before GC invocations=28 (full 0):
 garbage-first heap   total 234496K, used 173912K [0x0000000080000000, 0x0000000100000000)
  region size 1024K, 77 young (78848K), 7 survivors (7168K)
 Metaspace       used 68970K, committed 69568K, reserved 1114112K
  class space    used 9111K, committed 9408K, reserved 1048576K
}
Event: 14.427 GC heap after
{Heap after GC invocations=29 (full 0):
 garbage-first heap   total 234496K, used 110540K [0x0000000080000000, 0x0000000100000000)
  region size 1024K, 7 young (7168K), 7 survivors (7168K)
 Metaspace       used 68970K, committed 69568K, reserved 1114112K
  class space    used 9111K, committed 9408K, reserved 1048576K
}
Event: 14.551 GC heap before
{Heap before GC invocations=30 (full 0):
 garbage-first heap   total 234496K, used 142284K [0x0000000080000000, 0x0000000100000000)
  region size 1024K, 38 young (38912K), 7 survivors (7168K)
 Metaspace       used 69206K, committed 69824K, reserved 1114112K
  class space    used 9120K, committed 9408K, reserved 1048576K
}
Event: 14.554 GC heap after
{Heap after GC invocations=31 (full 0):
 garbage-first heap   total 234496K, used 111996K [0x0000000080000000, 0x0000000100000000)
  region size 1024K, 2 young (2048K), 2 survivors (2048K)
 Metaspace       used 69206K, committed 69824K, reserved 1114112K
  class space    used 9120K, committed 9408K, reserved 1048576K
}
Event: 14.679 GC heap before
{Heap before GC invocations=32 (full 0):
 garbage-first heap   total 234496K, used 158076K [0x0000000080000000, 0x0000000100000000)
  region size 1024K, 47 young (48128K), 2 survivors (2048K)
 Metaspace       used 69335K, committed 69952K, reserved 1114112K
  class space    used 9119K, committed 9408K, reserved 1048576K
}
Event: 14.682 GC heap after
{Heap after GC invocations=33 (full 0):
 garbage-first heap   total 234496K, used 113871K [0x0000000080000000, 0x0000000100000000)
  region size 1024K, 2 young (2048K), 2 survivors (2048K)
 Metaspace       used 69335K, committed 69952K, reserved 1114112K
  class space    used 9119K, committed 9408K, reserved 1048576K
}
Event: 14.793 GC heap before
{Heap before GC invocations=34 (full 0):
 garbage-first heap   total 234496K, used 163023K [0x0000000080000000, 0x0000000100000000)
  region size 1024K, 48 young (49152K), 2 survivors (2048K)
 Metaspace       used 69340K, committed 69952K, reserved 1114112K
  class space    used 9119K, committed 9408K, reserved 1048576K
}
Event: 14.795 GC heap after
{Heap after GC invocations=35 (full 0):
 garbage-first heap   total 234496K, used 113922K [0x0000000080000000, 0x0000000100000000)
  region size 1024K, 2 young (2048K), 2 survivors (2048K)
 Metaspace       used 69340K, committed 69952K, reserved 1114112K
  class space    used 9119K, committed 9408K, reserved 1048576K
}
Event: 14.949 GC heap before
{Heap before GC invocations=36 (full 0):
 garbage-first heap   total 234496K, used 196866K [0x0000000080000000, 0x0000000100000000)
  region size 1024K, 80 young (81920K), 2 survivors (2048K)
 Metaspace       used 69363K, committed 69952K, reserved 1114112K
  class space    used 9121K, committed 9408K, reserved 1048576K
}
Event: 14.952 GC heap after
{Heap after GC invocations=37 (full 0):
 garbage-first heap   total 234496K, used 118854K [0x0000000080000000, 0x0000000100000000)
  region size 1024K, 3 young (3072K), 3 survivors (3072K)
 Metaspace       used 69363K, committed 69952K, reserved 1114112K
  class space    used 9121K, committed 9408K, reserved 1048576K
}
Event: 15.046 GC heap before
{Heap before GC invocations=37 (full 0):
 garbage-first heap   total 234496K, used 195654K [0x0000000080000000, 0x0000000100000000)
  region size 1024K, 78 young (79872K), 3 survivors (3072K)
 Metaspace       used 69372K, committed 69952K, reserved 1114112K
  class space    used 9121K, committed 9408K, reserved 1048576K
}
Event: 15.048 GC heap after
{Heap after GC invocations=38 (full 0):
 garbage-first heap   total 234496K, used 119076K [0x0000000080000000, 0x0000000100000000)
  region size 1024K, 3 young (3072K), 3 survivors (3072K)
 Metaspace       used 69372K, committed 69952K, reserved 1114112K
  class space    used 9121K, committed 9408K, reserved 1048576K
}

